<?xml version="1.0" encoding="UTF-8"?>
<testsuite name="com.ait.phonebook.tests.CreateAccountTests" tests="1" skipped="0" failures="0" errors="0" timestamp="2023-11-29T20:13:10" hostname="DESKTOP-OS617JJ" time="0.781">
  <properties/>
  <testcase name="existedUserRegistrationNegativeTest" classname="com.ait.phonebook.tests.CreateAccountTests" time="0.781"/>
  <system-out><![CDATA[21:13:09.774 [Test worker] INFO  com.ait.phonebook.tests.TestBase -- Start testexistedUserRegistrationNegativeTestwith data: []
21:13:10.846 [Test worker] INFO  com.ait.phonebook.tests.TestBase -- PASSED: existedUserRegistrationNegativeTest
21:13:10.846 [Test worker] INFO  com.ait.phonebook.tests.TestBase -- ************************
]]></system-out>
  <system-err><![CDATA[]]></system-err>
</testsuite>
